2020-03-05 12:19:36,961 INFO [org.springframework.test.context.support.DefaultTestContextBootstrapper] - Loaded default TestExecutionListener class names from location [META-INF/spring.factories]: [org.springframework.test.context.web.ServletTestExecutionListener, org.springframework.test.context.support.DirtiesContextBeforeModesTestExecutionListener, org.springframework.test.context.support.DependencyInjectionTestExecutionListener, org.springframework.test.context.support.DirtiesContextTestExecutionListener, org.springframework.test.context.transaction.TransactionalTestExecutionListener, org.springframework.test.context.jdbc.SqlScriptsTestExecutionListener]
2020-03-05 12:19:36,986 INFO [org.springframework.test.context.support.DefaultTestContextBootstrapper] - Using TestExecutionListeners: [org.springframework.test.context.web.ServletTestExecutionListener@4c70fda8, org.springframework.test.context.support.DirtiesContextBeforeModesTestExecutionListener@224edc67, org.springframework.test.context.support.DependencyInjectionTestExecutionListener@14acaea5, org.springframework.test.context.support.DirtiesContextTestExecutionListener@46d56d67, org.springframework.test.context.transaction.TransactionalTestExecutionListener@d8355a8, org.springframework.test.context.jdbc.SqlScriptsTestExecutionListener@59fa1d9b]
2020-03-05 12:19:37,122 INFO [org.springframework.beans.factory.xml.XmlBeanDefinitionReader] - Loading XML bean definitions from class path resource [spring-context.xml]
2020-03-05 12:19:37,406 INFO [org.springframework.beans.factory.xml.XmlBeanDefinitionReader] - Loading XML bean definitions from class path resource [spring-context-druid.xml]
2020-03-05 12:19:37,450 INFO [org.springframework.beans.factory.xml.XmlBeanDefinitionReader] - Loading XML bean definitions from class path resource [spring-context-mybatis.xml]
2020-03-05 12:19:37,471 INFO [org.springframework.context.support.GenericApplicationContext] - Refreshing org.springframework.context.support.GenericApplicationContext@617faa95: startup date [Thu Mar 05 12:19:37 GMT+08:00 2020]; root of context hierarchy
2020-03-05 12:19:38,131 INFO [com.alibaba.druid.pool.DruidDataSource] - {dataSource-1} inited
2020-03-05 12:19:38,450 INFO [org.springframework.context.support.GenericApplicationContext] - Closing org.springframework.context.support.GenericApplicationContext@617faa95: startup date [Thu Mar 05 12:19:37 GMT+08:00 2020]; root of context hierarchy
2020-03-05 12:19:38,453 INFO [com.alibaba.druid.pool.DruidDataSource] - {dataSource-1} closed
2020-03-05 13:18:29,288 INFO [org.springframework.test.context.support.DefaultTestContextBootstrapper] - Loaded default TestExecutionListener class names from location [META-INF/spring.factories]: [org.springframework.test.context.web.ServletTestExecutionListener, org.springframework.test.context.support.DirtiesContextBeforeModesTestExecutionListener, org.springframework.test.context.support.DependencyInjectionTestExecutionListener, org.springframework.test.context.support.DirtiesContextTestExecutionListener, org.springframework.test.context.transaction.TransactionalTestExecutionListener, org.springframework.test.context.jdbc.SqlScriptsTestExecutionListener]
2020-03-05 13:18:29,305 INFO [org.springframework.test.context.support.DefaultTestContextBootstrapper] - Using TestExecutionListeners: [org.springframework.test.context.web.ServletTestExecutionListener@77167fb7, org.springframework.test.context.support.DirtiesContextBeforeModesTestExecutionListener@1fe20588, org.springframework.test.context.support.DependencyInjectionTestExecutionListener@6ce139a4, org.springframework.test.context.support.DirtiesContextTestExecutionListener@6973bf95, org.springframework.test.context.transaction.TransactionalTestExecutionListener@2ddc8ecb, org.springframework.test.context.jdbc.SqlScriptsTestExecutionListener@229d10bd]
2020-03-05 13:18:29,389 INFO [org.springframework.beans.factory.xml.XmlBeanDefinitionReader] - Loading XML bean definitions from class path resource [spring-context.xml]
2020-03-05 13:18:29,590 INFO [org.springframework.beans.factory.xml.XmlBeanDefinitionReader] - Loading XML bean definitions from class path resource [spring-context-druid.xml]
2020-03-05 13:18:29,622 INFO [org.springframework.beans.factory.xml.XmlBeanDefinitionReader] - Loading XML bean definitions from class path resource [spring-context-mybatis.xml]
2020-03-05 13:18:29,652 INFO [org.springframework.context.support.GenericApplicationContext] - Refreshing org.springframework.context.support.GenericApplicationContext@39529185: startup date [Thu Mar 05 13:18:29 GMT+08:00 2020]; root of context hierarchy
2020-03-05 13:18:30,326 INFO [com.alibaba.druid.pool.DruidDataSource] - {dataSource-1} inited
2020-03-05 13:18:30,712 INFO [org.springframework.context.support.GenericApplicationContext] - Closing org.springframework.context.support.GenericApplicationContext@39529185: startup date [Thu Mar 05 13:18:29 GMT+08:00 2020]; root of context hierarchy
2020-03-05 13:18:30,715 INFO [com.alibaba.druid.pool.DruidDataSource] - {dataSource-1} closed
2020-03-05 14:18:16,604 INFO [org.springframework.test.context.support.DefaultTestContextBootstrapper] - Loaded default TestExecutionListener class names from location [META-INF/spring.factories]: [org.springframework.test.context.web.ServletTestExecutionListener, org.springframework.test.context.support.DirtiesContextBeforeModesTestExecutionListener, org.springframework.test.context.support.DependencyInjectionTestExecutionListener, org.springframework.test.context.support.DirtiesContextTestExecutionListener, org.springframework.test.context.transaction.TransactionalTestExecutionListener, org.springframework.test.context.jdbc.SqlScriptsTestExecutionListener]
2020-03-05 14:18:16,617 INFO [org.springframework.test.context.support.DefaultTestContextBootstrapper] - Using TestExecutionListeners: [org.springframework.test.context.web.ServletTestExecutionListener@77167fb7, org.springframework.test.context.support.DirtiesContextBeforeModesTestExecutionListener@1fe20588, org.springframework.test.context.support.DependencyInjectionTestExecutionListener@6ce139a4, org.springframework.test.context.support.DirtiesContextTestExecutionListener@6973bf95, org.springframework.test.context.transaction.TransactionalTestExecutionListener@2ddc8ecb, org.springframework.test.context.jdbc.SqlScriptsTestExecutionListener@229d10bd]
2020-03-05 14:18:16,706 INFO [org.springframework.beans.factory.xml.XmlBeanDefinitionReader] - Loading XML bean definitions from class path resource [spring-context.xml]
2020-03-05 14:18:16,911 INFO [org.springframework.beans.factory.xml.XmlBeanDefinitionReader] - Loading XML bean definitions from class path resource [spring-context-druid.xml]
2020-03-05 14:18:16,948 INFO [org.springframework.beans.factory.xml.XmlBeanDefinitionReader] - Loading XML bean definitions from class path resource [spring-context-mybatis.xml]
2020-03-05 14:18:16,965 INFO [org.springframework.context.support.GenericApplicationContext] - Refreshing org.springframework.context.support.GenericApplicationContext@39529185: startup date [Thu Mar 05 14:18:16 GMT+08:00 2020]; root of context hierarchy
2020-03-05 14:18:17,655 INFO [com.alibaba.druid.pool.DruidDataSource] - {dataSource-1} inited
2020-03-05 14:18:17,975 INFO [org.springframework.context.support.GenericApplicationContext] - Closing org.springframework.context.support.GenericApplicationContext@39529185: startup date [Thu Mar 05 14:18:16 GMT+08:00 2020]; root of context hierarchy
2020-03-05 14:18:17,978 INFO [com.alibaba.druid.pool.DruidDataSource] - {dataSource-1} closed
2020-03-05 14:19:18,325 INFO [org.springframework.test.context.support.DefaultTestContextBootstrapper] - Loaded default TestExecutionListener class names from location [META-INF/spring.factories]: [org.springframework.test.context.web.ServletTestExecutionListener, org.springframework.test.context.support.DirtiesContextBeforeModesTestExecutionListener, org.springframework.test.context.support.DependencyInjectionTestExecutionListener, org.springframework.test.context.support.DirtiesContextTestExecutionListener, org.springframework.test.context.transaction.TransactionalTestExecutionListener, org.springframework.test.context.jdbc.SqlScriptsTestExecutionListener]
2020-03-05 14:19:18,340 INFO [org.springframework.test.context.support.DefaultTestContextBootstrapper] - Using TestExecutionListeners: [org.springframework.test.context.web.ServletTestExecutionListener@4c70fda8, org.springframework.test.context.support.DirtiesContextBeforeModesTestExecutionListener@224edc67, org.springframework.test.context.support.DependencyInjectionTestExecutionListener@14acaea5, org.springframework.test.context.support.DirtiesContextTestExecutionListener@46d56d67, org.springframework.test.context.transaction.TransactionalTestExecutionListener@d8355a8, org.springframework.test.context.jdbc.SqlScriptsTestExecutionListener@59fa1d9b]
2020-03-05 14:19:18,397 INFO [org.springframework.beans.factory.xml.XmlBeanDefinitionReader] - Loading XML bean definitions from class path resource [spring-context.xml]
2020-03-05 14:19:18,582 INFO [org.springframework.beans.factory.xml.XmlBeanDefinitionReader] - Loading XML bean definitions from class path resource [spring-context-druid.xml]
2020-03-05 14:19:18,614 INFO [org.springframework.beans.factory.xml.XmlBeanDefinitionReader] - Loading XML bean definitions from class path resource [spring-context-mybatis.xml]
2020-03-05 14:19:18,632 INFO [org.springframework.context.support.GenericApplicationContext] - Refreshing org.springframework.context.support.GenericApplicationContext@617faa95: startup date [Thu Mar 05 14:19:18 GMT+08:00 2020]; root of context hierarchy
2020-03-05 14:19:19,238 INFO [com.alibaba.druid.pool.DruidDataSource] - {dataSource-1} inited
2020-03-05 14:19:19,477 INFO [org.springframework.context.support.GenericApplicationContext] - Closing org.springframework.context.support.GenericApplicationContext@617faa95: startup date [Thu Mar 05 14:19:18 GMT+08:00 2020]; root of context hierarchy
2020-03-05 14:19:19,480 INFO [com.alibaba.druid.pool.DruidDataSource] - {dataSource-1} closed
